<?xml version="1.0" encoding="UTF-8"?>
<testsuite xmlns:xsi="http://www.w3.org/2001/XMLSchema-instance" xsi:noNamespaceSchemaLocation="https://maven.apache.org/surefire/maven-failsafe-plugin/xsd/failsafe-test-report.xsd" version="3.0.2" name="org.example.runner.CucumberRunnerTest" time="77.652" tests="3" errors="0" skipped="0" failures="0">
  <properties>
[...]
</properties>
  <testcase name="Registro exitoso con datos válidos" classname="Realizar login en Automation Exercise" time="42.283">
    <system-out><![CDATA[
@Register @HappyPath
&amp#27;[1mScenario Outline:&amp#27;[22m Registro exitoso con datos válidos                                                                                                                                                        &amp#27;[90m# src/test/resources/features/LoginAutoExer.feature:16&amp#27;[39m
  &amp#27;[32m✔&amp#27;[39m &amp#27;[32m&amp#27;[1mGiven &amp#27;[22mel usuario está en la página de inicio&amp#27;[39m                                                                                                                                                            &amp#27;[90m# org.example.stepdefinitions.RegisterAutoSD.elUsuarioEstáEnLaPáginaDeInicio()&amp#27;[39m
  &amp#27;[32m✔&amp#27;[39m &amp#27;[32m&amp#27;[1mAnd &amp#27;[22mel usuario selecciona el enlace Signup&amp#27;[39m                                                                                                                                                              &amp#27;[90m# org.example.stepdefinitions.RegisterAutoSD.elUsuarioSeleccionaElEnlaceSignup()&amp#27;[39m
  &amp#27;[32m✔&amp#27;[39m &amp#27;[32m&amp#27;[1mAnd &amp#27;[22men New User Signup ingresa el nombre &amp#27;[1m"Juan"&amp#27;[22m y el email &amp#27;[1m"juan123@mail.com"&amp#27;[22m&amp#27;[39m                                                                                                                           &amp#27;[90m# org.example.stepdefinitions.RegisterAutoSD.enNewUserSignupIngresaElNombreYElEmail(java.lang.String,java.lang.String)&amp#27;[39m
  &amp#27;[32m✔&amp#27;[39m &amp#27;[32m&amp#27;[1mWhen &amp#27;[22mel usuario selecciona el botón Signup&amp#27;[39m                                                                                                                                                              &amp#27;[90m# org.example.stepdefinitions.RegisterAutoSD.elUsuarioSeleccionaElBotónSignup()&amp#27;[39m
  &amp#27;[32m✔&amp#27;[39m &amp#27;[32m&amp#27;[1mAnd &amp#27;[22mcompleta el formulario de registro con los siguientes datos &amp#27;[1m"Mr"&amp#27;[22m &amp#27;[1m"Pass1234"&amp#27;[22m &amp#27;[1m"10"&amp#27;[22m &amp#27;[1m"May"&amp#27;[22m &amp#27;[1m"1990"&amp#27;[22m &amp#27;[1m"Juan"&amp#27;[22m &amp#27;[1m"Perez"&amp#27;[22m &amp#27;[1m"MiEmpresa"&amp#27;[22m &amp#27;[1m"Calle Falsa 123"&amp#27;[22m &amp#27;[1m"Apt 1"&amp#27;[22m &amp#27;[1m"Canada"&amp#27;[22m &amp#27;[1m"Ontario"&amp#27;[22m &amp#27;[1m"Toronto"&amp#27;[22m &amp#27;[1m"12345"&amp#27;[22m &amp#27;[1m"999888777"&amp#27;[22m&amp#27;[39m &amp#27;[90m# org.example.stepdefinitions.RegisterAutoSD.completaElFormularioDeRegistroConLosSiguientesDatos(java.lang.String,java.lang.String,java.lang.String,java.lang.String,java.lang.String,java.lang.String,java.lang.String,java.lang.String,java.lang.String,java.lang.String,java.lang.String,java.lang.String,java.lang.String,java.lang.String,java.lang.String)&amp#27;[39m
  &amp#27;[32m✔&amp#27;[39m &amp#27;[32m&amp#27;[1mAnd &amp#27;[22mselecciona el botón Create Account&amp#27;[39m                                                                                                                                                                  &amp#27;[90m# org.example.stepdefinitions.RegisterAutoSD.seleccionaElBotónCreateAccount()&amp#27;[39m
CUENTA CREADA
  &amp#27;[32m✔&amp#27;[39m &amp#27;[32m&amp#27;[1mThen &amp#27;[22mel sistema muestra el mensaje ACCOUNT CREATED&amp#27;[39m                                                                                                                                                      &amp#27;[90m# org.example.stepdefinitions.RegisterAutoSD.elSistemaMuestraElMensajeACCOUNTCREATED()&amp#27;[39m
  &amp#27;[32m✔&amp#27;[39m &amp#27;[32m&amp#27;[1mAnd &amp#27;[22mel usuario selecciona el botón Continue&amp#27;[39m                                                                                                                                                             &amp#27;[90m# org.example.stepdefinitions.RegisterAutoSD.elUsuarioSeleccionaElBotónContinue()&amp#27;[39m
]]></system-out>
    <system-err><![CDATA[[main] INFO net.thucydides.model.logging.ConsoleLoggingListener - &amp#27;[96m

-------------------------------------------------------------------------------------
     _______. _______ .______       _______ .__   __.  __  .___________.____    ____ 
    /       ||   ____||   _  \     |   ____||  \ |  | |  | |           |\   \  /   / 
   |   (----`|  |__   |  |_)  |    |  |__   |   \|  | |  | `---|  |----` \   \/   /  
    \   \    |   __|  |      /     |   __|  |  . `  | |  |     |  |       \_    _/   
.----)   |   |  |____ |  |\  \----.|  |____ |  |\   | |  |     |  |         |  |     
|_______/    |_______|| _| `._____||_______||__| \__| |__|     |__|         |__|    
                                                                                     
 News and tutorials at https://serenity-bdd.info                                     
 Documentation at https://serenity-bdd.github.io                                     
 Test Automation Training and Coaching: https://www.serenity-dojo.com                
 Commercial Support: https://www.serenity-dojo.com/serenity-bdd-enterprise-support   
 Join the Serenity Community on Gitter: https://gitter.im/serenity-bdd/serenity-core 
-------------------------------------------------------------------------------------
&amp#27;[0m
[main] INFO net.thucydides.model.logging.ConsoleLoggingListener - Test Suite Started: Realizar login en Automation Exercise
[main] INFO net.thucydides.model.logging.ConsoleLoggingListener - Test Suite Started: Login Scenarios for saucedemo website
[main] INFO net.thucydides.model.logging.ConsoleLoggingListener - Test Suite Started: Realizar login en Automation Exercise
[main] INFO net.thucydides.model.logging.ConsoleLoggingListener - 
  _____   ___   ___   _____     ___   _____     _     ___   _____   ___   ___  
 |_   _| | __| / __| |_   _|   / __| |_   _|   /_\   | _ \ |_   _| | __| |   \ 
   | |   | _|  \__ \   | |     \__ \   | |    / _ \  |   /   | |   | _|  | |) |
   |_|   |___| |___/   |_|     |___/   |_|   /_/ \_\ |_|_\   |_|   |___| |___/ 

Registro exitoso con datos válidos(realizar-login-en-automation-exercise;registro-exitoso-con-datos-válidos)
--------------------------------------------------------------------------------
[main] INFO net.serenitybdd.core.webdriver.driverproviders.ChromeDriverProvider - Starting Chrome driver instance with capabilities:
[main] INFO net.serenitybdd.core.webdriver.driverproviders.ChromeDriverProvider - Capabilities {acceptInsecureCerts: false, browserName: chrome, goog:chromeOptions: {args: [remote-allow-origins=*, --start-maximized, --test-type, --no-sandbox, --ignore-certificate-errors, --window-size=1920,1080], extensions: []}}
[main] INFO net.thucydides.model.logging.ConsoleLoggingListener - &amp#27;[92m
  _____   ___   ___   _____     ___     _     ___   ___   ___   ___  
 |_   _| | __| / __| |_   _|   | _ \   /_\   / __| / __| | __| |   \ 
   | |   | _|  \__ \   | |     |  _/  / _ \  \__ \ \__ \ | _|  | |) |
   |_|   |___| |___/   |_|     |_|   /_/ \_\ |___/ |___/ |___| |___/ 

Registro exitoso con datos válidos
----------------------------------------------------------------------&amp#27;[0m
]]></system-err>
  </testcase>
  <testcase name="Login exitoso con credenciales válidas" classname="Realizar login en Automation Exercise" time="19.913">
    <system-out><![CDATA[
@Login @HappyPath
&amp#27;[1mScenario Outline:&amp#27;[22m Login exitoso con credenciales válidas                                         &amp#27;[90m# src/test/resources/features/LoginAutoExer.feature:28&amp#27;[39m
  &amp#27;[32m✔&amp#27;[39m &amp#27;[32m&amp#27;[1mGiven &amp#27;[22mel usuario está en la página de inicio AutomatizacionExercise&amp#27;[39m                          &amp#27;[90m# org.example.stepdefinitions.LoginAutoExerSD.elUsuarioEstáEnLaPáginaDeInicioAutomatizacionExercise()&amp#27;[39m
  &amp#27;[32m✔&amp#27;[39m &amp#27;[32m&amp#27;[1mAnd &amp#27;[22mel usuario navega a la pantalla Login&amp#27;[39m                                                    &amp#27;[90m# org.example.stepdefinitions.LoginAutoExerSD.elUsuarioNavegaALaPantallaLogin()&amp#27;[39m
  &amp#27;[32m✔&amp#27;[39m &amp#27;[32m&amp#27;[1mAnd &amp#27;[22mingresa el email &amp#27;[1m"juan123@mail.com"&amp#27;[22m y la contraseña &amp#27;[1m"Pass1234"&amp#27;[22m en el formulario de login&amp#27;[39m &amp#27;[90m# org.example.stepdefinitions.LoginAutoExerSD.ingresaElEmailYLaContraseñaEnElFormularioDeLogin(java.lang.String,java.lang.String)&amp#27;[39m
  &amp#27;[32m✔&amp#27;[39m &amp#27;[32m&amp#27;[1mWhen &amp#27;[22mel usuario selecciona el botón Login&amp#27;[39m                                                    &amp#27;[90m# org.example.stepdefinitions.LoginAutoExerSD.elUsuarioSeleccionaElBotónLogin()&amp#27;[39m
  &amp#27;[32m✔&amp#27;[39m &amp#27;[32m&amp#27;[1mThen &amp#27;[22mel usuario debe ver la opción Logged in as en la barra de navegación&amp#27;[39m                    &amp#27;[90m# org.example.stepdefinitions.LoginAutoExerSD.elUsuarioDebeVerLaOpciónLoggedInAsEnLaBarraDeNavegación()&amp#27;[39m
]]></system-out>
    <system-err><![CDATA[[main] INFO net.thucydides.model.logging.ConsoleLoggingListener - 
  _____   ___   ___   _____     ___   _____     _     ___   _____   ___   ___  
 |_   _| | __| / __| |_   _|   / __| |_   _|   /_\   | _ \ |_   _| | __| |   \ 
   | |   | _|  \__ \   | |     \__ \   | |    / _ \  |   /   | |   | _|  | |) |
   |_|   |___| |___/   |_|     |___/   |_|   /_/ \_\ |_|_\   |_|   |___| |___/ 

Login exitoso con credenciales válidas(realizar-login-en-automation-exercise;login-exitoso-con-credenciales-válidas)
--------------------------------------------------------------------------------
[main] INFO net.serenitybdd.core.webdriver.driverproviders.ChromeDriverProvider - Starting Chrome driver instance with capabilities:
[main] INFO net.serenitybdd.core.webdriver.driverproviders.ChromeDriverProvider - Capabilities {acceptInsecureCerts: false, browserName: chrome, goog:chromeOptions: {args: [remote-allow-origins=*, --start-maximized, --test-type, --no-sandbox, --ignore-certificate-errors, --window-size=1920,1080], extensions: []}}
[main] INFO net.thucydides.model.logging.ConsoleLoggingListener - &amp#27;[92m
  _____   ___   ___   _____     ___     _     ___   ___   ___   ___  
 |_   _| | __| / __| |_   _|   | _ \   /_\   / __| / __| | __| |   \ 
   | |   | _|  \__ \   | |     |  _/  / _ \  \__ \ \__ \ | _|  | |) |
   |_|   |___| |___/   |_|     |_|   /_/ \_\ |___/ |___/ |___| |___/ 

Login exitoso con credenciales válidas
----------------------------------------------------------------------&amp#27;[0m
]]></system-err>
  </testcase>
  <testcase name="Logout credenciales validas" classname="Realizar login en Automation Exercise" time="13.836">
    <system-out><![CDATA[
@Logout @HappyPath
&amp#27;[1mScenario Outline:&amp#27;[22m Logout credenciales validas                                                    &amp#27;[90m# src/test/resources/features/LoginAutoExer.feature:42&amp#27;[39m
  &amp#27;[32m✔&amp#27;[39m &amp#27;[32m&amp#27;[1mGiven &amp#27;[22mel usuario está en la página de inicio AutomatizacionExercise&amp#27;[39m                          &amp#27;[90m# org.example.stepdefinitions.LoginAutoExerSD.elUsuarioEstáEnLaPáginaDeInicioAutomatizacionExercise()&amp#27;[39m
  &amp#27;[32m✔&amp#27;[39m &amp#27;[32m&amp#27;[1mAnd &amp#27;[22mel usuario navega a la pantalla Login&amp#27;[39m                                                    &amp#27;[90m# org.example.stepdefinitions.LoginAutoExerSD.elUsuarioNavegaALaPantallaLogin()&amp#27;[39m
  &amp#27;[32m✔&amp#27;[39m &amp#27;[32m&amp#27;[1mAnd &amp#27;[22mingresa el email &amp#27;[1m"juan123@mail.com"&amp#27;[22m y la contraseña &amp#27;[1m"Pass1234"&amp#27;[22m en el formulario de login&amp#27;[39m &amp#27;[90m# org.example.stepdefinitions.LoginAutoExerSD.ingresaElEmailYLaContraseñaEnElFormularioDeLogin(java.lang.String,java.lang.String)&amp#27;[39m
  &amp#27;[32m✔&amp#27;[39m &amp#27;[32m&amp#27;[1mWhen &amp#27;[22mel usuario selecciona el botón Login&amp#27;[39m                                                    &amp#27;[90m# org.example.stepdefinitions.LoginAutoExerSD.elUsuarioSeleccionaElBotónLogin()&amp#27;[39m
  &amp#27;[32m✔&amp#27;[39m &amp#27;[32m&amp#27;[1mThen &amp#27;[22mel usuario debe ver la opción Logged in as en la barra de navegación&amp#27;[39m                    &amp#27;[90m# org.example.stepdefinitions.LoginAutoExerSD.elUsuarioDebeVerLaOpciónLoggedInAsEnLaBarraDeNavegación()&amp#27;[39m
  &amp#27;[32m✔&amp#27;[39m &amp#27;[32m&amp#27;[1mAnd &amp#27;[22mEl usuario selecciona Logout&amp#27;[39m                                                             &amp#27;[90m# org.example.stepdefinitions.LoginAutoExerSD.elUsuarioSeleccionaLogout()&amp#27;[39m
  &amp#27;[32m✔&amp#27;[39m &amp#27;[32m&amp#27;[1mAnd &amp#27;[22mel usuario debe ver la opción LOGIN - SIGNUP en la ventana&amp#27;[39m                               &amp#27;[90m# org.example.stepdefinitions.LoginAutoExerSD.elUsuarioDebeVerLaOpciónLOGINSIGNUPEnLaVentana()&amp#27;[39m
]]></system-out>
    <system-err><![CDATA[[main] INFO net.thucydides.model.logging.ConsoleLoggingListener - 
  _____   ___   ___   _____     ___   _____     _     ___   _____   ___   ___  
 |_   _| | __| / __| |_   _|   / __| |_   _|   /_\   | _ \ |_   _| | __| |   \ 
   | |   | _|  \__ \   | |     \__ \   | |    / _ \  |   /   | |   | _|  | |) |
   |_|   |___| |___/   |_|     |___/   |_|   /_/ \_\ |_|_\   |_|   |___| |___/ 

Logout credenciales validas(realizar-login-en-automation-exercise;logout-credenciales-validas)
--------------------------------------------------------------------------------
[main] INFO net.serenitybdd.core.webdriver.driverproviders.ChromeDriverProvider - Starting Chrome driver instance with capabilities:
[main] INFO net.serenitybdd.core.webdriver.driverproviders.ChromeDriverProvider - Capabilities {acceptInsecureCerts: false, browserName: chrome, goog:chromeOptions: {args: [remote-allow-origins=*, --start-maximized, --test-type, --no-sandbox, --ignore-certificate-errors, --window-size=1920,1080], extensions: []}}
[main] INFO net.thucydides.model.logging.ConsoleLoggingListener - &amp#27;[92m
  _____   ___   ___   _____     ___     _     ___   ___   ___   ___  
 |_   _| | __| / __| |_   _|   | _ \   /_\   / __| / __| | __| |   \ 
   | |   | _|  \__ \   | |     |  _/  / _ \  \__ \ \__ \ | _|  | |) |
   |_|   |___| |___/   |_|     |_|   /_/ \_\ |___/ |___/ |___| |___/ 

Logout credenciales validas
----------------------------------------------------------------------&amp#27;[0m
]]></system-err>
  </testcase>
</testsuite>